Using pre-set license
Built from '2021.3/staging' branch; Version is '2021.3.14f1 (eee1884e7226) revision 15655304'; Using compiler version '192829333'; Build Type 'Release'
OS: 'Windows 10  (10.0.17763) 64bit EnterpriseS' Language: 'ru' Physical Memory: 16332 MB
BatchMode: 1, IsHumanControllingUs: 0, StartBugReporterOnCrash: 0, Is64bit: 1, IsPro: 1

COMMAND LINE ARGUMENTS:
C:\Program Files\Unity\Hub\Editor\2021.3.14f1\Editor\Unity.exe
-adb2
-batchMode
-noUpm
-name
AssetImportWorker0
-projectPath
C:/Users/Egor/Documents/GitHub/MiddleAges1/MiddleAges
-logFile
Logs/AssetImportWorker0.log
-srvPort
58633
Successfully changed project path to: C:/Users/Egor/Documents/GitHub/MiddleAges1/MiddleAges
C:/Users/Egor/Documents/GitHub/MiddleAges1/MiddleAges
[UnityMemory] Configuration Parameters - Can be set up in boot.config
    "memorysetup-bucket-allocator-granularity=16"
    "memorysetup-bucket-allocator-bucket-count=8"
    "memorysetup-bucket-allocator-block-size=33554432"
    "memorysetup-bucket-allocator-block-count=8"
    "memorysetup-main-allocator-block-size=16777216"
    "memorysetup-thread-allocator-block-size=16777216"
    "memorysetup-gfx-main-allocator-block-size=16777216"
    "memorysetup-gfx-thread-allocator-block-size=16777216"
    "memorysetup-cache-allocator-block-size=4194304"
    "memorysetup-typetree-allocator-block-size=2097152"
    "memorysetup-profiler-bucket-allocator-granularity=16"
    "memorysetup-profiler-bucket-allocator-bucket-count=8"
    "memorysetup-profiler-bucket-allocator-block-size=33554432"
    "memorysetup-profiler-bucket-allocator-block-count=8"
    "memorysetup-profiler-allocator-block-size=16777216"
    "memorysetup-profiler-editor-allocator-block-size=1048576"
    "memorysetup-temp-allocator-size-main=16777216"
    "memorysetup-job-temp-allocator-block-size=2097152"
    "memorysetup-job-temp-allocator-block-size-background=1048576"
    "memorysetup-job-temp-allocator-reduction-small-platforms=262144"
    "memorysetup-temp-allocator-size-background-worker=32768"
    "memorysetup-temp-allocator-size-job-worker=262144"
    "memorysetup-temp-allocator-size-preload-manager=33554432"
    "memorysetup-temp-allocator-size-nav-mesh-worker=65536"
    "memorysetup-temp-allocator-size-audio-worker=65536"
    "memorysetup-temp-allocator-size-cloud-worker=32768"
    "memorysetup-temp-allocator-size-gi-baking-worker=262144"
    "memorysetup-temp-allocator-size-gfx=262144"
Refreshing native plugins compatible for Editor in 38.13 ms, found 2 plugins.
Preloading 0 native plugins for Editor in 0.00 ms.
Initialize engine version: 2021.3.14f1 (eee1884e7226)
[Subsystems] Discovering subsystems at path C:/Program Files/Unity/Hub/Editor/2021.3.14f1/Editor/Data/Resources/UnitySubsystems
[Subsystems] Discovering subsystems at path C:/Users/Egor/Documents/GitHub/MiddleAges1/MiddleAges/Assets
GfxDevice: creating device client; threaded=0; jobified=0
Direct3D:
    Version:  Direct3D 11.0 [level 11.1]
    Renderer: Radeon RX 570 Series (ID=0x67df)
    Vendor:   ATI
    VRAM:     8170 MB
    Driver:   30.0.15021.1001
Initialize mono
Mono path[0] = 'C:/Program Files/Unity/Hub/Editor/2021.3.14f1/Editor/Data/Managed'
Mono path[1] = 'C:/Program Files/Unity/Hub/Editor/2021.3.14f1/Editor/Data/MonoBleedingEdge/lib/mono/unityjit-win32'
Mono config path = 'C:/Program Files/Unity/Hub/Editor/2021.3.14f1/Editor/Data/MonoBleedingEdge/etc'
Using monoOptions --debugger-agent=transport=dt_socket,embedding=1,server=y,suspend=n,address=127.0.0.1:56744
Begin MonoManager ReloadAssembly
Registering precompiled unity dll's ...
Register platform support module: C:/Program Files/Unity/Hub/Editor/2021.3.14f1/Editor/Data/PlaybackEngines/WindowsStandaloneSupport/UnityEditor.WindowsStandalone.Extensions.dll
Registered in 0.005881 seconds.
Native extension for WindowsStandalone target not found
Refreshing native plugins compatible for Editor in 284.36 ms, found 2 plugins.
Preloading 0 native plugins for Editor in 0.00 ms.
Mono: successfully reloaded assembly
- Completed reload, in  2.608 seconds
Domain Reload Profiling:
	ReloadAssembly (2609ms)
		BeginReloadAssembly (96ms)
			ExecutionOrderSort (0ms)
			DisableScriptedObjects (0ms)
			BackupInstance (0ms)
			ReleaseScriptingObjects (0ms)
			CreateAndSetChildDomain (1ms)
		EndReloadAssembly (2368ms)
			LoadAssemblies (94ms)
			RebuildTransferFunctionScriptingTraits (0ms)
			SetupTypeCache (275ms)
			ReleaseScriptCaches (0ms)
			RebuildScriptCaches (112ms)
			SetupLoadedEditorAssemblies (1767ms)
				LogAssemblyErrors (0ms)
				InitializePlatformSupportModulesInManaged (34ms)
				SetLoadedEditorAssemblies (0ms)
				RefreshPlugins (284ms)
				BeforeProcessingInitializeOnLoad (2ms)
				ProcessInitializeOnLoadAttributes (1313ms)
				ProcessInitializeOnLoadMethodAttributes (132ms)
				AfterProcessingInitializeOnLoad (0ms)
				EditorAssembliesLoaded (0ms)
			ExecutionOrderSort2 (0ms)
			AwakeInstancesAfterBackupRestoration (0ms)
Platform modules already initialized, skipping
Registering precompiled user dll's ...
Registered in 0.066470 seconds.
Begin MonoManager ReloadAssembly
Native extension for WindowsStandalone target not found
Refreshing native plugins compatible for Editor in 1.11 ms, found 2 plugins.
Preloading 0 native plugins for Editor in 0.00 ms.
Mono: successfully reloaded assembly
- Completed reload, in  3.809 seconds
Domain Reload Profiling:
	ReloadAssembly (3811ms)
		BeginReloadAssembly (815ms)
			ExecutionOrderSort (0ms)
			DisableScriptedObjects (19ms)
			BackupInstance (0ms)
			ReleaseScriptingObjects (0ms)
			CreateAndSetChildDomain (89ms)
		EndReloadAssembly (1655ms)
			LoadAssemblies (529ms)
			RebuildTransferFunctionScriptingTraits (0ms)
			SetupTypeCache (803ms)
			ReleaseScriptCaches (1ms)
			RebuildScriptCaches (67ms)
			SetupLoadedEditorAssemblies (530ms)
				LogAssemblyErrors (0ms)
				InitializePlatformSupportModulesInManaged (11ms)
				SetLoadedEditorAssemblies (1ms)
				RefreshPlugins (1ms)
				BeforeProcessingInitializeOnLoad (82ms)
				ProcessInitializeOnLoadAttributes (379ms)
				ProcessInitializeOnLoadMethodAttributes (43ms)
				AfterProcessingInitializeOnLoad (12ms)
				EditorAssembliesLoaded (1ms)
			ExecutionOrderSort2 (0ms)
			AwakeInstancesAfterBackupRestoration (11ms)
Platform modules already initialized, skipping
========================================================================
Worker process is ready to serve import requests
Launched and connected shader compiler UnityShaderCompiler.exe after 0.08 seconds
Refreshing native plugins compatible for Editor in 0.51 ms, found 2 plugins.
Preloading 0 native plugins for Editor in 0.00 ms.
Unloading 1665 Unused Serialized files (Serialized files now loaded: 0)
Unloading 18 unused Assets / (21.9 KB). Loaded Objects now: 2173.
Memory consumption went from 165.9 MB to 165.8 MB.
Total: 6.359500 ms (FindLiveObjects: 0.569900 ms CreateObjectMapping: 0.070400 ms MarkObjects: 5.684300 ms  DeleteObjects: 0.033800 ms)

AssetImportParameters requested are different than current active one (requested -> active):
  custom:video-decoder-ogg-theora: a1e56fd34408186e4bbccfd4996cb3dc -> 
  custom:container-muxer-webm: aa71ff27fc2769a1b78a27578f13a17b -> 
  custom:container-demuxer-webm: 4f35f7cbe854078d1ac9338744f61a02 -> 
  custom:video-encoder-webm-vp8: eb34c28f22e8b96e1ab97ce403110664 -> 
  custom:audio-encoder-webm-vorbis: bf7c407c2cedff20999df2af8eb42d56 -> 
  custom:framework-win-MediaFoundation: 216162199b28c13a410421893ffa2e32 -> 
  custom:container-demuxer-ogg: 62fdf1f143b41e24485cea50d1cbac27 -> 
  custom:video-decoder-webm-vp8: 9c59270c3fd7afecdb556c50c9e8de78 -> 
  custom:audio-decoder-ogg-vorbis: bf7c407c2cedff20999df2af8eb42d56 -> 
========================================================================
Received Import Request.
  Time since last request: 352332.957461 seconds.
  path: Assets/Resources/Prefabs/Trees/PineTree_2.prefab
  artifactKey: Guid(dea9eab504c0b10408a56c898ce546fa) Importer(815301076,1909f56bfc062723c751e8b465ee728b)
Start importing Assets/Resources/Prefabs/Trees/PineTree_2.prefab using Guid(dea9eab504c0b10408a56c898ce546fa) Importer(815301076,1909f56bfc062723c751e8b465ee728b)  -> (artifact id: '2498d928e19c54d430a5a2199b0cc1c4') in 0.330075 seconds 
========================================================================
Received Import Request.
  Time since last request: 0.000391 seconds.
  path: Assets/Resources/Prefabs/Trees/BirchTree_1.prefab
  artifactKey: Guid(6d6aacfd538cd9f42869d83ea471ff2c) Importer(815301076,1909f56bfc062723c751e8b465ee728b)
Start importing Assets/Resources/Prefabs/Trees/BirchTree_1.prefab using Guid(6d6aacfd538cd9f42869d83ea471ff2c) Importer(815301076,1909f56bfc062723c751e8b465ee728b)  -> (artifact id: '72004cb32cc105509591fb8309286376') in 0.015604 seconds 
========================================================================
Received Import Request.
  Time since last request: 0.000038 seconds.
  path: Assets/Scenes/Models/CommonTree_3.prefab
  artifactKey: Guid(af5a2f90db113dd4db5b3dd54d02f3b9) Importer(815301076,1909f56bfc062723c751e8b465ee728b)
Start importing Assets/Scenes/Models/CommonTree_3.prefab using Guid(af5a2f90db113dd4db5b3dd54d02f3b9) Importer(815301076,1909f56bfc062723c751e8b465ee728b)  -> (artifact id: 'c62a7b6fdf591ea2f55cae7bf54076ed') in 0.023825 seconds 
========================================================================
Received Import Request.
  Time since last request: 0.000026 seconds.
  path: Assets/Scenes/Models/BushBerries_2.prefab
  artifactKey: Guid(85a31eafffe2845478c1dec18b7fc980) Importer(815301076,1909f56bfc062723c751e8b465ee728b)
Start importing Assets/Scenes/Models/BushBerries_2.prefab using Guid(85a31eafffe2845478c1dec18b7fc980) Importer(815301076,1909f56bfc062723c751e8b465ee728b)  -> (artifact id: '6cc7a3429a83eef11504c2ab59f8e88f') in 0.026298 seconds 
========================================================================
Received Import Request.
  Time since last request: 0.000620 seconds.
  path: Assets/Scenes/Models/BushBerries_1.prefab
  artifactKey: Guid(08dabe97f6403b942a22343b7d3d1946) Importer(815301076,1909f56bfc062723c751e8b465ee728b)
Start importing Assets/Scenes/Models/BushBerries_1.prefab using Guid(08dabe97f6403b942a22343b7d3d1946) Importer(815301076,1909f56bfc062723c751e8b465ee728b)  -> (artifact id: '52bc366e652dfc6ac467103b977e4f09') in 0.018003 seconds 
========================================================================
Received Import Request.
  Time since last request: 0.000025 seconds.
  path: Assets/Scenes/Models/CommonTree_5.prefab
  artifactKey: Guid(f52294022ed886a47a7d88e7bf707746) Importer(815301076,1909f56bfc062723c751e8b465ee728b)
Start importing Assets/Scenes/Models/CommonTree_5.prefab using Guid(f52294022ed886a47a7d88e7bf707746) Importer(815301076,1909f56bfc062723c751e8b465ee728b)  -> (artifact id: '562532aebbe99e23a84057968e8e168b') in 0.024177 seconds 
========================================================================
Received Import Request.
  Time since last request: 0.000032 seconds.
  path: Assets/Scenes/Models/CommonTree_1.prefab
  artifactKey: Guid(114443b308a3a904c910141556522f5c) Importer(815301076,1909f56bfc062723c751e8b465ee728b)
Start importing Assets/Scenes/Models/CommonTree_1.prefab using Guid(114443b308a3a904c910141556522f5c) Importer(815301076,1909f56bfc062723c751e8b465ee728b)  -> (artifact id: 'a2edf73cc7483b59ce99cf4202a93d25') in 0.020646 seconds 
========================================================================
Received Import Request.
  Time since last request: 0.000019 seconds.
  path: Assets/Scenes/Models/Corn_1.prefab
  artifactKey: Guid(e3cd995ed35983c408d9fc357c878cd1) Importer(815301076,1909f56bfc062723c751e8b465ee728b)
Start importing Assets/Scenes/Models/Corn_1.prefab using Guid(e3cd995ed35983c408d9fc357c878cd1) Importer(815301076,1909f56bfc062723c751e8b465ee728b)  -> (artifact id: '9fadaf6e388d164f3ab58048008cddcb') in 0.026689 seconds 
========================================================================
Received Import Request.
  Time since last request: 0.000025 seconds.
  path: Assets/Resources/Prefabs/Trees/PineTree_1.prefab
  artifactKey: Guid(d1a31c74d386fca4887fbc7e1fc39748) Importer(815301076,1909f56bfc062723c751e8b465ee728b)
Start importing Assets/Resources/Prefabs/Trees/PineTree_1.prefab using Guid(d1a31c74d386fca4887fbc7e1fc39748) Importer(815301076,1909f56bfc062723c751e8b465ee728b)  -> (artifact id: 'b71ff427d892213e578ba4473300b769') in 0.019973 seconds 
========================================================================
Received Import Request.
  Time since last request: 0.000073 seconds.
  path: Assets/Prefabs/TodDashPos.prefab
  artifactKey: Guid(8cf34c7f8a7db7e4dad3ce60bb0ff9ca) Importer(815301076,1909f56bfc062723c751e8b465ee728b)
Start importing Assets/Prefabs/TodDashPos.prefab using Guid(8cf34c7f8a7db7e4dad3ce60bb0ff9ca) Importer(815301076,1909f56bfc062723c751e8b465ee728b)  -> (artifact id: 'd3140ccf4d4f1324fe3250e52d0e738d') in 0.009366 seconds 
========================================================================
Received Import Request.
  Time since last request: 0.000044 seconds.
  path: Assets/Resources/Prefabs/Trees/CommonTree_3.prefab
  artifactKey: Guid(451c78aeafaf6bb42a4641db1bf1a606) Importer(815301076,1909f56bfc062723c751e8b465ee728b)
Start importing Assets/Resources/Prefabs/Trees/CommonTree_3.prefab using Guid(451c78aeafaf6bb42a4641db1bf1a606) Importer(815301076,1909f56bfc062723c751e8b465ee728b)  -> (artifact id: '949955db8d60051376cb179bc6740ddd') in 0.016599 seconds 
========================================================================
Received Import Request.
  Time since last request: 0.000029 seconds.
  path: Assets/Scenes/Models/CommonTree_2.prefab
  artifactKey: Guid(fb9e7fd7c894c824084e6b30cdfd2a5d) Importer(815301076,1909f56bfc062723c751e8b465ee728b)
Start importing Assets/Scenes/Models/CommonTree_2.prefab using Guid(fb9e7fd7c894c824084e6b30cdfd2a5d) Importer(815301076,1909f56bfc062723c751e8b465ee728b)  -> (artifact id: '5969045e2434cd70919614f5d17ce127') in 0.029694 seconds 
========================================================================
Received Import Request.
  Time since last request: 0.000031 seconds.
  path: Assets/Resources/Prefabs/Trees/CommonTree_1.prefab
  artifactKey: Guid(cba1f95dcd2ec014ab9ffa263945ce37) Importer(815301076,1909f56bfc062723c751e8b465ee728b)
Start importing Assets/Resources/Prefabs/Trees/CommonTree_1.prefab using Guid(cba1f95dcd2ec014ab9ffa263945ce37) Importer(815301076,1909f56bfc062723c751e8b465ee728b)  -> (artifact id: '3ebe688d199c944e39516a4ff2c511f1') in 0.021501 seconds 
========================================================================
Received Import Request.
  Time since last request: 0.000032 seconds.
  path: Assets/Resources/Prefabs/Trees/CommonTree_2.prefab
  artifactKey: Guid(9daed3490df43474d9486e5aced4fb4e) Importer(815301076,1909f56bfc062723c751e8b465ee728b)
Start importing Assets/Resources/Prefabs/Trees/CommonTree_2.prefab using Guid(9daed3490df43474d9486e5aced4fb4e) Importer(815301076,1909f56bfc062723c751e8b465ee728b)  -> (artifact id: '322ec60eaaca989d78494faa5c821c79') in 0.019132 seconds 
========================================================================
Received Import Request.
  Time since last request: 0.000027 seconds.
  path: Assets/Resources/Prefabs/Trees/BirchTree_3.prefab
  artifactKey: Guid(b3a771aa198e4ef4f8aa3a1b1b3859b4) Importer(815301076,1909f56bfc062723c751e8b465ee728b)
Start importing Assets/Resources/Prefabs/Trees/BirchTree_3.prefab using Guid(b3a771aa198e4ef4f8aa3a1b1b3859b4) Importer(815301076,1909f56bfc062723c751e8b465ee728b)  -> (artifact id: '0c7170ff49c14c0a629667e537341944') in 0.026588 seconds 
========================================================================
Received Import Request.
  Time since last request: 0.000025 seconds.
  path: Assets/Prefabs/Shaman.prefab
  artifactKey: Guid(c0fae654d8d92b24dbf08dda5b9c8169) Importer(815301076,1909f56bfc062723c751e8b465ee728b)
Start importing Assets/Prefabs/Shaman.prefab using Guid(c0fae654d8d92b24dbf08dda5b9c8169) Importer(815301076,1909f56bfc062723c751e8b465ee728b)  -> (artifact id: 'a79d4e850cec7e51f9359aabe863729d') in 0.039876 seconds 
========================================================================
Received Import Request.
  Time since last request: 0.000039 seconds.
  path: Assets/Resources/Prefabs/Trees/CommonTree_4.prefab
  artifactKey: Guid(a9e9e1455f14bea469a666396e473f2f) Importer(815301076,1909f56bfc062723c751e8b465ee728b)
Start importing Assets/Resources/Prefabs/Trees/CommonTree_4.prefab using Guid(a9e9e1455f14bea469a666396e473f2f) Importer(815301076,1909f56bfc062723c751e8b465ee728b)  -> (artifact id: '7edd3293e4b16bd82213fd226d4f6580') in 0.023425 seconds 
========================================================================
Received Import Request.
  Time since last request: 0.000956 seconds.
  path: Assets/Scenes/Models/Bush_2.prefab
  artifactKey: Guid(c781aaa5abce48b47be8717ad82d071a) Importer(815301076,1909f56bfc062723c751e8b465ee728b)
Start importing Assets/Scenes/Models/Bush_2.prefab using Guid(c781aaa5abce48b47be8717ad82d071a) Importer(815301076,1909f56bfc062723c751e8b465ee728b)  -> (artifact id: '155c491a28ae919e44ed62bb874aa37e') in 0.017674 seconds 
========================================================================
Received Import Request.
  Time since last request: 0.000025 seconds.
  path: Assets/Resources/Prefabs/Trees/BirchTree_5.prefab
  artifactKey: Guid(46ebc2a36241fc34ab40d568da3d5b56) Importer(815301076,1909f56bfc062723c751e8b465ee728b)
Start importing Assets/Resources/Prefabs/Trees/BirchTree_5.prefab using Guid(46ebc2a36241fc34ab40d568da3d5b56) Importer(815301076,1909f56bfc062723c751e8b465ee728b)  -> (artifact id: '317f4aa0a47c8469535bbebc513efa4a') in 0.018920 seconds 
========================================================================
Received Import Request.
  Time since last request: 0.000028 seconds.
  path: Assets/Prefabs/Enemy.prefab
  artifactKey: Guid(e8bc4bd58149a6a4192c74fa5b9553be) Importer(815301076,1909f56bfc062723c751e8b465ee728b)
Start importing Assets/Prefabs/Enemy.prefab using Guid(e8bc4bd58149a6a4192c74fa5b9553be) Importer(815301076,1909f56bfc062723c751e8b465ee728b)  -> (artifact id: '621e5241a536558eb3a288231ea9fc8a') in 0.017598 seconds 
========================================================================
Received Import Request.
  Time since last request: 0.000027 seconds.
  path: Assets/Resources/Prefabs/Trees/CommonTree_5.prefab
  artifactKey: Guid(bebf02b9f86855f4198888ba38180ae3) Importer(815301076,1909f56bfc062723c751e8b465ee728b)
Start importing Assets/Resources/Prefabs/Trees/CommonTree_5.prefab using Guid(bebf02b9f86855f4198888ba38180ae3) Importer(815301076,1909f56bfc062723c751e8b465ee728b)  -> (artifact id: '84d6a0cc0f7d3fa0c77e6a98439a715c') in 0.024733 seconds 
========================================================================
Received Import Request.
  Time since last request: 0.000034 seconds.
  path: Assets/Scenes/Models/BirchTree_4.prefab
  artifactKey: Guid(e1972bbaa3410e04581277078953fdc2) Importer(815301076,1909f56bfc062723c751e8b465ee728b)
Start importing Assets/Scenes/Models/BirchTree_4.prefab using Guid(e1972bbaa3410e04581277078953fdc2) Importer(815301076,1909f56bfc062723c751e8b465ee728b)  -> (artifact id: '15ce5562d0f57e9a73733f423f3b176d') in 0.022451 seconds 
========================================================================
Received Import Request.
  Time since last request: 0.000048 seconds.
  path: Assets/Prefabs/Warrior.prefab
  artifactKey: Guid(0c40213d14ec3be42b3734731ebe9adc) Importer(815301076,1909f56bfc062723c751e8b465ee728b)
Start importing Assets/Prefabs/Warrior.prefab using Guid(0c40213d14ec3be42b3734731ebe9adc) Importer(815301076,1909f56bfc062723c751e8b465ee728b)  -> (artifact id: '13e12e388da64c0e637c10d3ad4789cf') in 0.012895 seconds 
========================================================================
Received Import Request.
  Time since last request: 0.000030 seconds.
  path: Assets/Scenes/Models/Flowers.prefab
  artifactKey: Guid(5305c254e610f0b41886beb9cdea8107) Importer(815301076,1909f56bfc062723c751e8b465ee728b)
Start importing Assets/Scenes/Models/Flowers.prefab using Guid(5305c254e610f0b41886beb9cdea8107) Importer(815301076,1909f56bfc062723c751e8b465ee728b)  -> (artifact id: '0477e3c26cb6a96264c772771bb2d968') in 0.026541 seconds 
========================================================================
Received Import Request.
  Time since last request: 0.000025 seconds.
  path: Assets/Scenes/Models/Bush_1.prefab
  artifactKey: Guid(e75413cb163451b47b451f9426ec4106) Importer(815301076,1909f56bfc062723c751e8b465ee728b)
Start importing Assets/Scenes/Models/Bush_1.prefab using Guid(e75413cb163451b47b451f9426ec4106) Importer(815301076,1909f56bfc062723c751e8b465ee728b)  -> (artifact id: '9356c6847a14d53956a7232a6d3f272d') in 0.016967 seconds 
========================================================================
Received Import Request.
  Time since last request: 0.000029 seconds.
  path: Assets/Scenes/Models/Grass_2.prefab
  artifactKey: Guid(525b31277b11a85418f792658972079c) Importer(815301076,1909f56bfc062723c751e8b465ee728b)
Start importing Assets/Scenes/Models/Grass_2.prefab using Guid(525b31277b11a85418f792658972079c) Importer(815301076,1909f56bfc062723c751e8b465ee728b)  -> (artifact id: '7ba4bc28840574b51e07d2c18e925351') in 0.027403 seconds 
========================================================================
Received Import Request.
  Time since last request: 0.000100 seconds.
  path: Assets/Scenes/Models/BirchTree_5.prefab
  artifactKey: Guid(9592d47bef4b38047bd435203f31f708) Importer(815301076,1909f56bfc062723c751e8b465ee728b)
Start importing Assets/Scenes/Models/BirchTree_5.prefab using Guid(9592d47bef4b38047bd435203f31f708) Importer(815301076,1909f56bfc062723c751e8b465ee728b)  -> (artifact id: '702cb5e11663715377a17290030e334a') in 0.018791 seconds 
========================================================================
Received Import Request.
  Time since last request: 0.000024 seconds.
  path: Assets/Scenes/Models/BirchTree_Autumn_1.prefab
  artifactKey: Guid(fb85767dc91135242aef74fb6fb3091c) Importer(815301076,1909f56bfc062723c751e8b465ee728b)
Start importing Assets/Scenes/Models/BirchTree_Autumn_1.prefab using Guid(fb85767dc91135242aef74fb6fb3091c) Importer(815301076,1909f56bfc062723c751e8b465ee728b)  -> (artifact id: '26f01dfd1734f4468cbcdf945f72346e') in 0.028526 seconds 
========================================================================
Received Import Request.
  Time since last request: 0.000035 seconds.
  path: Assets/Scenes/Models/BirchTree_3.prefab
  artifactKey: Guid(be45bf90bab5cb546aea936fed09f91d) Importer(815301076,1909f56bfc062723c751e8b465ee728b)
Start importing Assets/Scenes/Models/BirchTree_3.prefab using Guid(be45bf90bab5cb546aea936fed09f91d) Importer(815301076,1909f56bfc062723c751e8b465ee728b)  -> (artifact id: 'c660d8e2943012d769e6c31a1f87beb0') in 0.023016 seconds 
========================================================================
Received Import Request.
  Time since last request: 0.000026 seconds.
  path: Assets/Scenes/Models/BirchTree_1.prefab
  artifactKey: Guid(c9d65565d7e72014798e7edf6074b69a) Importer(815301076,1909f56bfc062723c751e8b465ee728b)
Start importing Assets/Scenes/Models/BirchTree_1.prefab using Guid(c9d65565d7e72014798e7edf6074b69a) Importer(815301076,1909f56bfc062723c751e8b465ee728b)  -> (artifact id: 'd31ee60816570e8113f4d1bd13e69b3d') in 0.019814 seconds 
========================================================================
Received Import Request.
  Time since last request: 0.000025 seconds.
  path: Assets/Scenes/Models/BirchTree_2.prefab
  artifactKey: Guid(b92c4f124be3d2642b9014d877c317be) Importer(815301076,1909f56bfc062723c751e8b465ee728b)
Start importing Assets/Scenes/Models/BirchTree_2.prefab using Guid(b92c4f124be3d2642b9014d877c317be) Importer(815301076,1909f56bfc062723c751e8b465ee728b)  -> (artifact id: 'c7cf114ca6d3da4773365a886b46450f') in 0.029058 seconds 
========================================================================
Received Import Request.
  Time since last request: 0.000039 seconds.
  path: Assets/Resources/Prefabs/Trees/BirchTree_4.prefab
  artifactKey: Guid(7f72adcd78e908c4795f7068999a130e) Importer(815301076,1909f56bfc062723c751e8b465ee728b)
Start importing Assets/Resources/Prefabs/Trees/BirchTree_4.prefab using Guid(7f72adcd78e908c4795f7068999a130e) Importer(815301076,1909f56bfc062723c751e8b465ee728b)  -> (artifact id: '50468432b608cee4e9cefb1c04e86c12') in 0.027220 seconds 
========================================================================
Received Import Request.
  Time since last request: 0.000032 seconds.
  path: Assets/Scenes/Models/CommonTree_4.prefab
  artifactKey: Guid(a27c60a92598493458c562dca180f077) Importer(815301076,1909f56bfc062723c751e8b465ee728b)
Start importing Assets/Scenes/Models/CommonTree_4.prefab using Guid(a27c60a92598493458c562dca180f077) Importer(815301076,1909f56bfc062723c751e8b465ee728b)  -> (artifact id: '11fc80a478a969f8a42eed4deae75dc0') in 0.022160 seconds 
========================================================================
Received Import Request.
  Time since last request: 0.000029 seconds.
  path: Assets/Scenes/Models/Corn_2.prefab
  artifactKey: Guid(188a29ee42db5804da3a67bac1611e9e) Importer(815301076,1909f56bfc062723c751e8b465ee728b)
Start importing Assets/Scenes/Models/Corn_2.prefab using Guid(188a29ee42db5804da3a67bac1611e9e) Importer(815301076,1909f56bfc062723c751e8b465ee728b)  -> (artifact id: 'e43dda9a37a483ead16e1731509533a2') in 0.075110 seconds 
========================================================================
Received Import Request.
  Time since last request: 0.000037 seconds.
  path: Assets/Resources/Prefabs/Trees/BirchTree_2.prefab
  artifactKey: Guid(67c088dabfbc30b429a48785ee552da8) Importer(815301076,1909f56bfc062723c751e8b465ee728b)
Start importing Assets/Resources/Prefabs/Trees/BirchTree_2.prefab using Guid(67c088dabfbc30b429a48785ee552da8) Importer(815301076,1909f56bfc062723c751e8b465ee728b)  -> (artifact id: '9db0aa2cc905722675af4467d20eded3') in 0.035470 seconds 
========================================================================
Received Import Request.
  Time since last request: 1.507158 seconds.
  path: Assets/Scenes/Scene 1.5.blend
  artifactKey: Guid(0fe35845184e625498afed3553becdd1) Importer(815301076,1909f56bfc062723c751e8b465ee728b)
Start importing Assets/Scenes/Scene 1.5.blend using Guid(0fe35845184e625498afed3553becdd1) Importer(815301076,1909f56bfc062723c751e8b465ee728b)  -> (artifact id: '7ae075c239f75934a4f16524a76cb546') in 0.036525 seconds 
========================================================================
Received Import Request.
  Time since last request: 1.488563 seconds.
  path: Assets/Scenes/SampleScene.unity
  artifactKey: Guid(9fc0d4010bbf28b4594072e72b8655ab) Importer(815301076,1909f56bfc062723c751e8b465ee728b)
Start importing Assets/Scenes/SampleScene.unity using Guid(9fc0d4010bbf28b4594072e72b8655ab) Importer(815301076,1909f56bfc062723c751e8b465ee728b)  -> (artifact id: '49c241fedfb0c3870684844b7cbd0c97') in 0.003537 seconds 
========================================================================
Received Prepare
Registering precompiled user dll's ...
Registered in 0.004153 seconds.
Begin MonoManager ReloadAssembly
Native extension for WindowsStandalone target not found
Refreshing native plugins compatible for Editor in 1.10 ms, found 2 plugins.
Preloading 0 native plugins for Editor in 0.00 ms.
Mono: successfully reloaded assembly
- Completed reload, in  1.016 seconds
Domain Reload Profiling:
	ReloadAssembly (1016ms)
		BeginReloadAssembly (142ms)
			ExecutionOrderSort (0ms)
			DisableScriptedObjects (7ms)
			BackupInstance (0ms)
			ReleaseScriptingObjects (0ms)
			CreateAndSetChildDomain (34ms)
		EndReloadAssembly (754ms)
			LoadAssemblies (88ms)
			RebuildTransferFunctionScriptingTraits (0ms)
			SetupTypeCache (207ms)
			ReleaseScriptCaches (1ms)
			RebuildScriptCaches (49ms)
			SetupLoadedEditorAssemblies (361ms)
				LogAssemblyErrors (0ms)
				InitializePlatformSupportModulesInManaged (20ms)
				SetLoadedEditorAssemblies (1ms)
				RefreshPlugins (1ms)
				BeforeProcessingInitializeOnLoad (72ms)
				ProcessInitializeOnLoadAttributes (228ms)
				ProcessInitializeOnLoadMethodAttributes (29ms)
				AfterProcessingInitializeOnLoad (10ms)
				EditorAssembliesLoaded (0ms)
			ExecutionOrderSort2 (0ms)
			AwakeInstancesAfterBackupRestoration (8ms)
Platform modules already initialized, skipping
Refreshing native plugins compatible for Editor in 1.59 ms, found 2 plugins.
Preloading 0 native plugins for Editor in 0.00 ms.
Unloading 1660 Unused Serialized files (Serialized files now loaded: 0)
Unloading 12 unused Assets / (31.7 KB). Loaded Objects now: 2185.
Memory consumption went from 169.9 MB to 169.9 MB.
Total: 3.363000 ms (FindLiveObjects: 0.184200 ms CreateObjectMapping: 0.038600 ms MarkObjects: 3.114100 ms  DeleteObjects: 0.024800 ms)

AssetImportParameters requested are different than current active one (requested -> active):
  custom:video-decoder-ogg-theora: a1e56fd34408186e4bbccfd4996cb3dc -> 
  custom:container-muxer-webm: aa71ff27fc2769a1b78a27578f13a17b -> 
  custom:container-demuxer-webm: 4f35f7cbe854078d1ac9338744f61a02 -> 
  custom:video-encoder-webm-vp8: eb34c28f22e8b96e1ab97ce403110664 -> 
  custom:audio-encoder-webm-vorbis: bf7c407c2cedff20999df2af8eb42d56 -> 
  custom:framework-win-MediaFoundation: 216162199b28c13a410421893ffa2e32 -> 
  custom:container-demuxer-ogg: 62fdf1f143b41e24485cea50d1cbac27 -> 
  custom:video-decoder-webm-vp8: 9c59270c3fd7afecdb556c50c9e8de78 -> 
  custom:audio-decoder-ogg-vorbis: bf7c407c2cedff20999df2af8eb42d56 -> 
========================================================================
Received Import Request.
  Time since last request: 50.589554 seconds.
  path: Assets/Scenes/SampleScene.unity
  artifactKey: Guid(9fc0d4010bbf28b4594072e72b8655ab) Importer(815301076,1909f56bfc062723c751e8b465ee728b)
Start importing Assets/Scenes/SampleScene.unity using Guid(9fc0d4010bbf28b4594072e72b8655ab) Importer(815301076,1909f56bfc062723c751e8b465ee728b)  -> (artifact id: '255d14d48a12e67675805e9eceaa9a72') in 0.007010 seconds 
========================================================================
Received Import Request.
  Time since last request: 25.203851 seconds.
  path: Assets/Scenes/Models/Grass_Plane.prefab
  artifactKey: Guid(b2dd69d820dcc05479a8f2a43d9c19b6) Importer(815301076,1909f56bfc062723c751e8b465ee728b)
Start importing Assets/Scenes/Models/Grass_Plane.prefab using Guid(b2dd69d820dcc05479a8f2a43d9c19b6) Importer(815301076,1909f56bfc062723c751e8b465ee728b)  -> (artifact id: 'dd1f308fa3db28531cb1dfff1f7cb645') in 0.102954 seconds 
========================================================================
Received Import Request.
  Time since last request: 0.000095 seconds.
  path: Assets/Scenes/Models/Grass_Short_Plane.prefab
  artifactKey: Guid(1dde8205043c33243b1576d3ade7e2ad) Importer(815301076,1909f56bfc062723c751e8b465ee728b)
Start importing Assets/Scenes/Models/Grass_Short_Plane.prefab using Guid(1dde8205043c33243b1576d3ade7e2ad) Importer(815301076,1909f56bfc062723c751e8b465ee728b)  -> (artifact id: 'b898dfc4aa30791d1a12674aae0ff5b4') in 0.022205 seconds 
========================================================================
Received Import Request.
  Time since last request: 0.000041 seconds.
  path: Assets/Scenes/Models/PalmTree_1.prefab
  artifactKey: Guid(00c9dc761414302469b980f2e3e0b55f) Importer(815301076,1909f56bfc062723c751e8b465ee728b)
Start importing Assets/Scenes/Models/PalmTree_1.prefab using Guid(00c9dc761414302469b980f2e3e0b55f) Importer(815301076,1909f56bfc062723c751e8b465ee728b)  -> (artifact id: '77840e2f51067a706496f06b2f91643d') in 0.026624 seconds 
========================================================================
Received Import Request.
  Time since last request: 0.000028 seconds.
  path: Assets/Scenes/Models/Nature.blend
  artifactKey: Guid(1d9b287af4652a94a8680862b87bab77) Importer(815301076,1909f56bfc062723c751e8b465ee728b)
Start importing Assets/Scenes/Models/Nature.blend using Guid(1d9b287af4652a94a8680862b87bab77) Importer(815301076,1909f56bfc062723c751e8b465ee728b)  -> (artifact id: 'b23c7156da91038364c7a208e33db2d9') in 0.611227 seconds 
========================================================================
Received Import Request.
  Time since last request: 0.000030 seconds.
  path: Assets/Scenes/Models/Rock_6.prefab
  artifactKey: Guid(43ffb30fa47f3514999947527c32c023) Importer(815301076,1909f56bfc062723c751e8b465ee728b)
Start importing Assets/Scenes/Models/Rock_6.prefab using Guid(43ffb30fa47f3514999947527c32c023) Importer(815301076,1909f56bfc062723c751e8b465ee728b)  -> (artifact id: '1750fd5bc0ff428bd9b56f5e01d99202') in 0.014327 seconds 
========================================================================
Received Import Request.
  Time since last request: 0.000041 seconds.
  path: Assets/Scenes/Models/Rock_4.prefab
  artifactKey: Guid(5f139ff2034c26b4f911210cde159d6a) Importer(815301076,1909f56bfc062723c751e8b465ee728b)
Start importing Assets/Scenes/Models/Rock_4.prefab using Guid(5f139ff2034c26b4f911210cde159d6a) Importer(815301076,1909f56bfc062723c751e8b465ee728b)  -> (artifact id: '16f7865ca51565073fa4eb2297b99b19') in 0.017776 seconds 
========================================================================
Received Import Request.
  Time since last request: 0.000030 seconds.
  path: Assets/Scenes/Models/Rock_1.prefab
  artifactKey: Guid(9abc2be1c660a44438ec404f44c7c3f8) Importer(815301076,1909f56bfc062723c751e8b465ee728b)
Start importing Assets/Scenes/Models/Rock_1.prefab using Guid(9abc2be1c660a44438ec404f44c7c3f8) Importer(815301076,1909f56bfc062723c751e8b465ee728b)  -> (artifact id: '001ee0dc2feb35071cef2a75ead1a804') in 0.015532 seconds 
========================================================================
Received Import Request.
  Time since last request: 0.000026 seconds.
  path: Assets/Scenes/Models/PineTree_3.prefab
  artifactKey: Guid(93aaf8d29134c27498bb1df4f3a57c21) Importer(815301076,1909f56bfc062723c751e8b465ee728b)
Start importing Assets/Scenes/Models/PineTree_3.prefab using Guid(93aaf8d29134c27498bb1df4f3a57c21) Importer(815301076,1909f56bfc062723c751e8b465ee728b)  -> (artifact id: 'c787e8efcb648211716b4ff77d385807') in 0.018144 seconds 
========================================================================
Received Import Request.
  Time since last request: 0.000024 seconds.
  path: Assets/Scenes/Models/Plant_2.prefab
  artifactKey: Guid(f54457d0c3f943342a0ce6622ed96842) Importer(815301076,1909f56bfc062723c751e8b465ee728b)
Start importing Assets/Scenes/Models/Plant_2.prefab using Guid(f54457d0c3f943342a0ce6622ed96842) Importer(815301076,1909f56bfc062723c751e8b465ee728b)  -> (artifact id: 'c4dc6f3db9be9c6bb04aec918c3b47d5') in 0.016463 seconds 
========================================================================
Received Import Request.
  Time since last request: 0.000026 seconds.
  path: Assets/Scenes/Models/PineTree_5.prefab
  artifactKey: Guid(c09261fbf234c2b4e8578cdc98580e4c) Importer(815301076,1909f56bfc062723c751e8b465ee728b)
Start importing Assets/Scenes/Models/PineTree_5.prefab using Guid(c09261fbf234c2b4e8578cdc98580e4c) Importer(815301076,1909f56bfc062723c751e8b465ee728b)  -> (artifact id: 'ab1c4d219a93f98de8578dad914f7008') in 0.014343 seconds 
========================================================================
Received Import Request.
  Time since last request: 0.000026 seconds.
  path: Assets/Scenes/Models/Rock_3.prefab
  artifactKey: Guid(2e4a66e1393f73840a98ab64c9527026) Importer(815301076,1909f56bfc062723c751e8b465ee728b)
Start importing Assets/Scenes/Models/Rock_3.prefab using Guid(2e4a66e1393f73840a98ab64c9527026) Importer(815301076,1909f56bfc062723c751e8b465ee728b)  -> (artifact id: 'f936903c733a6716c9d899ddef0db749') in 0.013584 seconds 
========================================================================
Received Import Request.
  Time since last request: 0.000022 seconds.
  path: Assets/Scenes/Models/Plant_3_Plane.prefab
  artifactKey: Guid(c2691bb28ac5f424fb9c161d3e79c93b) Importer(815301076,1909f56bfc062723c751e8b465ee728b)
Start importing Assets/Scenes/Models/Plant_3_Plane.prefab using Guid(c2691bb28ac5f424fb9c161d3e79c93b) Importer(815301076,1909f56bfc062723c751e8b465ee728b)  -> (artifact id: '98dcaa3eebf1124822e225b619daa9d8') in 0.016950 seconds 
========================================================================
Received Import Request.
  Time since last request: 0.000026 seconds.
  path: Assets/Scenes/Models/PineTree_1.prefab
  artifactKey: Guid(f44dbe7828d361745b33bac4c241c4ac) Importer(815301076,1909f56bfc062723c751e8b465ee728b)
Start importing Assets/Scenes/Models/PineTree_1.prefab using Guid(f44dbe7828d361745b33bac4c241c4ac) Importer(815301076,1909f56bfc062723c751e8b465ee728b)  -> (artifact id: '01c606e0103b3e440ffc48339408379e') in 0.014923 seconds 
========================================================================
Received Import Request.
  Time since last request: 0.000021 seconds.
  path: Assets/Scenes/Models/PineTree_2.prefab
  artifactKey: Guid(680d9526e706dfb49b75853da8b9ab76) Importer(815301076,1909f56bfc062723c751e8b465ee728b)
Start importing Assets/Scenes/Models/PineTree_2.prefab using Guid(680d9526e706dfb49b75853da8b9ab76) Importer(815301076,1909f56bfc062723c751e8b465ee728b)  -> (artifact id: '7733cc564a7c3afbc90800b320ab5be8') in 0.015088 seconds 
========================================================================
Received Import Request.
  Time since last request: 0.000025 seconds.
  path: Assets/Scenes/Models/Plant_1.prefab
  artifactKey: Guid(929ed6de50bf6fd419bd42d860e28a3d) Importer(815301076,1909f56bfc062723c751e8b465ee728b)
Start importing Assets/Scenes/Models/Plant_1.prefab using Guid(929ed6de50bf6fd419bd42d860e28a3d) Importer(815301076,1909f56bfc062723c751e8b465ee728b)  -> (artifact id: 'dbdba9346c7ed16229f1704eb4a4c08c') in 0.015135 seconds 
========================================================================
Received Import Request.
  Time since last request: 0.000022 seconds.
  path: Assets/Scenes/Models/Rock_Moss_3.prefab
  artifactKey: Guid(cb24c70c62b56084c8630c2b2a35375d) Importer(815301076,1909f56bfc062723c751e8b465ee728b)
Start importing Assets/Scenes/Models/Rock_Moss_3.prefab using Guid(cb24c70c62b56084c8630c2b2a35375d) Importer(815301076,1909f56bfc062723c751e8b465ee728b)  -> (artifact id: 'd35142e5490ffba908234a3b48667c34') in 0.020722 seconds 
========================================================================
Received Import Request.
  Time since last request: 0.000031 seconds.
  path: Assets/Scenes/Models/Willow_3_Cube.012.prefab
  artifactKey: Guid(1b524354cb3c3a94b8747cade39ea9d8) Importer(815301076,1909f56bfc062723c751e8b465ee728b)
Start importing Assets/Scenes/Models/Willow_3_Cube.012.prefab using Guid(1b524354cb3c3a94b8747cade39ea9d8) Importer(815301076,1909f56bfc062723c751e8b465ee728b)  -> (artifact id: '81f6e23d078aeef70a24fb99ec5c230c') in 0.018268 seconds 
========================================================================
Received Import Request.
  Time since last request: 0.000039 seconds.
  path: Assets/Scenes/Models/Willow_1_Cube.010.prefab
  artifactKey: Guid(a66492ba08b9cdf40b84e30e5b105d8f) Importer(815301076,1909f56bfc062723c751e8b465ee728b)
Start importing Assets/Scenes/Models/Willow_1_Cube.010.prefab using Guid(a66492ba08b9cdf40b84e30e5b105d8f) Importer(815301076,1909f56bfc062723c751e8b465ee728b)  -> (artifact id: '1719d836b95ce95a33369804f1bebeb6') in 0.017582 seconds 
========================================================================
Received Import Request.
  Time since last request: 0.000028 seconds.
  path: Assets/Scenes/Models/Willow_5_Cube.046.prefab
  artifactKey: Guid(e4f389b1516a0fd4e92c13d6f5a7bc58) Importer(815301076,1909f56bfc062723c751e8b465ee728b)
Start importing Assets/Scenes/Models/Willow_5_Cube.046.prefab using Guid(e4f389b1516a0fd4e92c13d6f5a7bc58) Importer(815301076,1909f56bfc062723c751e8b465ee728b)  -> (artifact id: '771fb01d9a4fc86b593a625dfa57201c') in 0.023064 seconds 
========================================================================
Received Import Request.
  Time since last request: 0.000085 seconds.
  path: Assets/Scenes/Models/Rock_Moss_4.prefab
  artifactKey: Guid(52bb134ae4646d74c90c2db7a19d1523) Importer(815301076,1909f56bfc062723c751e8b465ee728b)
Start importing Assets/Scenes/Models/Rock_Moss_4.prefab using Guid(52bb134ae4646d74c90c2db7a19d1523) Importer(815301076,1909f56bfc062723c751e8b465ee728b)  -> (artifact id: '2b585764c48ec04dab694029228dfc54') in 0.018637 seconds 
========================================================================
Received Import Request.
  Time since last request: 0.000039 seconds.
  path: Assets/Scenes/Models/WoodLog.prefab
  artifactKey: Guid(3eb3c46d5947d5242a4662872aed594d) Importer(815301076,1909f56bfc062723c751e8b465ee728b)
Start importing Assets/Scenes/Models/WoodLog.prefab using Guid(3eb3c46d5947d5242a4662872aed594d) Importer(815301076,1909f56bfc062723c751e8b465ee728b)  -> (artifact id: '0815b158badbfc3ec32178cb409593c8') in 0.017189 seconds 
========================================================================
Received Import Request.
  Time since last request: 0.000038 seconds.
  path: Assets/Scenes/Models/Rock_Moss_2.prefab
  artifactKey: Guid(959b4c2022d1e464689f9727e7dca120) Importer(815301076,1909f56bfc062723c751e8b465ee728b)
Start importing Assets/Scenes/Models/Rock_Moss_2.prefab using Guid(959b4c2022d1e464689f9727e7dca120) Importer(815301076,1909f56bfc062723c751e8b465ee728b)  -> (artifact id: '2d9f8c8f4aec9ef8e20f148c83afad8e') in 0.018266 seconds 
========================================================================
Received Import Request.
  Time since last request: 0.000027 seconds.
  path: Assets/Scenes/Models/WoodLog_Moss.prefab
  artifactKey: Guid(1fd3953f20b559a45b62a645947d0f7d) Importer(815301076,1909f56bfc062723c751e8b465ee728b)
Start importing Assets/Scenes/Models/WoodLog_Moss.prefab using Guid(1fd3953f20b559a45b62a645947d0f7d) Importer(815301076,1909f56bfc062723c751e8b465ee728b)  -> (artifact id: '07ec3a37cb897832f708b8d5e0da1573') in 0.021000 seconds 
========================================================================
Received Import Request.
  Time since last request: 0.000027 seconds.
  path: Assets/Scenes/Models/Willow_4_Cube.043.prefab
  artifactKey: Guid(39315bc068700a94ca8c1163683d144d) Importer(815301076,1909f56bfc062723c751e8b465ee728b)
Start importing Assets/Scenes/Models/Willow_4_Cube.043.prefab using Guid(39315bc068700a94ca8c1163683d144d) Importer(815301076,1909f56bfc062723c751e8b465ee728b)  -> (artifact id: 'c945218d18703b87309b0fe548430fd7') in 0.019725 seconds 
========================================================================
Received Import Request.
  Time since last request: 0.000025 seconds.
  path: Assets/Scenes/Models/Willow_2_Cube.011.prefab
  artifactKey: Guid(f8e1c1ccbf6917b4da177e7a37244505) Importer(815301076,1909f56bfc062723c751e8b465ee728b)
Start importing Assets/Scenes/Models/Willow_2_Cube.011.prefab using Guid(f8e1c1ccbf6917b4da177e7a37244505) Importer(815301076,1909f56bfc062723c751e8b465ee728b)  -> (artifact id: '1ee69b626c7041a833dc89997cc2ec73') in 0.018479 seconds 
========================================================================
Received Import Request.
  Time since last request: 0.000028 seconds.
  path: Assets/Scenes/Models/Rock_Moss_1.prefab
  artifactKey: Guid(c9f7c1d8f0c4d264c920259b306e5198) Importer(815301076,1909f56bfc062723c751e8b465ee728b)
Start importing Assets/Scenes/Models/Rock_Moss_1.prefab using Guid(c9f7c1d8f0c4d264c920259b306e5198) Importer(815301076,1909f56bfc062723c751e8b465ee728b)  -> (artifact id: 'd4c33ba06124407613d3af8fb55b875c') in 0.018953 seconds 
========================================================================
Received Import Request.
  Time since last request: 0.000031 seconds.
  path: Assets/Scenes/Models/TreeStump.prefab
  artifactKey: Guid(3bfe87498156a574786a7ebd8c5cc216) Importer(815301076,1909f56bfc062723c751e8b465ee728b)
Start importing Assets/Scenes/Models/TreeStump.prefab using Guid(3bfe87498156a574786a7ebd8c5cc216) Importer(815301076,1909f56bfc062723c751e8b465ee728b)  -> (artifact id: 'c61457ec77182442e752ad800dfea272') in 0.016330 seconds 
========================================================================
Received Import Request.
  Time since last request: 0.000035 seconds.
  path: Assets/Scenes/Models/PalmTree_3.prefab
  artifactKey: Guid(eba75b192e405cc408f1c3bbc168c929) Importer(815301076,1909f56bfc062723c751e8b465ee728b)
Start importing Assets/Scenes/Models/PalmTree_3.prefab using Guid(eba75b192e405cc408f1c3bbc168c929) Importer(815301076,1909f56bfc062723c751e8b465ee728b)  -> (artifact id: '712a5d7dbbfaf4326c21599f50410d4c') in 0.016959 seconds 
========================================================================
Received Import Request.
  Time since last request: 0.000069 seconds.
  path: Assets/Scenes/Models/Rock_2.prefab
  artifactKey: Guid(1cf3b2dfc62df47478034fbbf22866d7) Importer(815301076,1909f56bfc062723c751e8b465ee728b)
Start importing Assets/Scenes/Models/Rock_2.prefab using Guid(1cf3b2dfc62df47478034fbbf22866d7) Importer(815301076,1909f56bfc062723c751e8b465ee728b)  -> (artifact id: 'd4d356ab745e815dbbd4fafa372b90d5') in 0.014111 seconds 
========================================================================
Received Import Request.
  Time since last request: 0.000035 seconds.
  path: Assets/Scenes/Models/Rock_Moss_5.prefab
  artifactKey: Guid(3efdf5a6dddfb104ab33eb41a19e12c9) Importer(815301076,1909f56bfc062723c751e8b465ee728b)
Start importing Assets/Scenes/Models/Rock_Moss_5.prefab using Guid(3efdf5a6dddfb104ab33eb41a19e12c9) Importer(815301076,1909f56bfc062723c751e8b465ee728b)  -> (artifact id: '2ac570b4119598251667e28fe59d7da4') in 0.014367 seconds 
========================================================================
Received Import Request.
  Time since last request: 0.000025 seconds.
  path: Assets/Scenes/Models/Rock_5.prefab
  artifactKey: Guid(63cda387e4f02754a890b186b5557f4f) Importer(815301076,1909f56bfc062723c751e8b465ee728b)
Start importing Assets/Scenes/Models/Rock_5.prefab using Guid(63cda387e4f02754a890b186b5557f4f) Importer(815301076,1909f56bfc062723c751e8b465ee728b)  -> (artifact id: '7dc4e5d8192aa49b409696ec9c8c52fe') in 0.015805 seconds 
========================================================================
Received Import Request.
  Time since last request: 0.000040 seconds.
  path: Assets/Scenes/Models/PineTree_4.prefab
  artifactKey: Guid(da54b956c715c9e48bcbfb95facaf04c) Importer(815301076,1909f56bfc062723c751e8b465ee728b)
Start importing Assets/Scenes/Models/PineTree_4.prefab using Guid(da54b956c715c9e48bcbfb95facaf04c) Importer(815301076,1909f56bfc062723c751e8b465ee728b)  -> (artifact id: '85dc5d9f576fb9545a37a4dfc8af8a58') in 0.017716 seconds 
========================================================================
Received Import Request.
  Time since last request: 0.000031 seconds.
  path: Assets/Scenes/Models/Landscape 1.blend
  artifactKey: Guid(49be4634b05069843a48b1762b63dcd4) Importer(815301076,1909f56bfc062723c751e8b465ee728b)
Start importing Assets/Scenes/Models/Landscape 1.blend using Guid(49be4634b05069843a48b1762b63dcd4) Importer(815301076,1909f56bfc062723c751e8b465ee728b)  -> (artifact id: '9d0998303b4b084f9d0801eecc2f3e80') in 0.023488 seconds 
========================================================================
Received Import Request.
  Time since last request: 0.000027 seconds.
  path: Assets/Scenes/Models/Plant_5_Plane.001.prefab
  artifactKey: Guid(8ab3008343553ed4aa384e5ada4baec2) Importer(815301076,1909f56bfc062723c751e8b465ee728b)
Start importing Assets/Scenes/Models/Plant_5_Plane.001.prefab using Guid(8ab3008343553ed4aa384e5ada4baec2) Importer(815301076,1909f56bfc062723c751e8b465ee728b)  -> (artifact id: '7c730547dfd3f0cc42d0508c84e5a559') in 0.014308 seconds 
========================================================================
Received Import Request.
  Time since last request: 0.000022 seconds.
  path: Assets/Scenes/Models/PalmTree_2.prefab
  artifactKey: Guid(3aa44860b1e33724db732ad6cbd5a6bf) Importer(815301076,1909f56bfc062723c751e8b465ee728b)
Start importing Assets/Scenes/Models/PalmTree_2.prefab using Guid(3aa44860b1e33724db732ad6cbd5a6bf) Importer(815301076,1909f56bfc062723c751e8b465ee728b)  -> (artifact id: '02c112844b8061569bc45bdc93d07244') in 0.014780 seconds 
========================================================================
Received Import Request.
  Time since last request: 0.000021 seconds.
  path: Assets/Scenes/Models/Plant_4_Plane.006.prefab
  artifactKey: Guid(725a36845bbbf3340841ee732fb35c0a) Importer(815301076,1909f56bfc062723c751e8b465ee728b)
Start importing Assets/Scenes/Models/Plant_4_Plane.006.prefab using Guid(725a36845bbbf3340841ee732fb35c0a) Importer(815301076,1909f56bfc062723c751e8b465ee728b)  -> (artifact id: 'f9e8f59211ef7f9ccf97324cd8f73061') in 0.012170 seconds 
========================================================================
Received Import Request.
  Time since last request: 0.000030 seconds.
  path: Assets/Scenes/Models/PalmTree_4.prefab
  artifactKey: Guid(00af6138d6e4a264ba31c2cd549153ba) Importer(815301076,1909f56bfc062723c751e8b465ee728b)
Start importing Assets/Scenes/Models/PalmTree_4.prefab using Guid(00af6138d6e4a264ba31c2cd549153ba) Importer(815301076,1909f56bfc062723c751e8b465ee728b)  -> (artifact id: 'ffb7c3e43ca56d817b942336da2b0635') in 0.014985 seconds 
========================================================================
Received Import Request.
  Time since last request: 0.000045 seconds.
  path: Assets/Scenes/Models/Rock_Moss_6.prefab
  artifactKey: Guid(1d88cb4dff6f2fb41b7f1d72819e1c27) Importer(815301076,1909f56bfc062723c751e8b465ee728b)
Start importing Assets/Scenes/Models/Rock_Moss_6.prefab using Guid(1d88cb4dff6f2fb41b7f1d72819e1c27) Importer(815301076,1909f56bfc062723c751e8b465ee728b)  -> (artifact id: '231e256e606db2c183133c7e3d6e0e8c') in 0.014354 seconds 
========================================================================
Received Import Request.
  Time since last request: 0.000024 seconds.
  path: Assets/Scenes/Models/TreeStump_Moss.prefab
  artifactKey: Guid(f3d106066b6ad8a4e8b4b47f67fc5814) Importer(815301076,1909f56bfc062723c751e8b465ee728b)
Start importing Assets/Scenes/Models/TreeStump_Moss.prefab using Guid(f3d106066b6ad8a4e8b4b47f67fc5814) Importer(815301076,1909f56bfc062723c751e8b465ee728b)  -> (artifact id: '87464e565053ba94067716975aeac9fb') in 0.015274 seconds 
========================================================================
Received Import Request.
  Time since last request: 0.000045 seconds.
  path: Assets/Scenes/Models/Wheat.prefab
  artifactKey: Guid(a57bcf341b5e2fd4ca09a003e85a8a11) Importer(815301076,1909f56bfc062723c751e8b465ee728b)
Start importing Assets/Scenes/Models/Wheat.prefab using Guid(a57bcf341b5e2fd4ca09a003e85a8a11) Importer(815301076,1909f56bfc062723c751e8b465ee728b)  -> (artifact id: 'c65477c8ffed45e0c585a2feff3df138') in 0.015523 seconds 
========================================================================
Received Import Request.
  Time since last request: 0.000029 seconds.
  path: Assets/Scenes/Models/Rock_7.prefab
  artifactKey: Guid(19a26b51cfc8f6a478048242b42ea73c) Importer(815301076,1909f56bfc062723c751e8b465ee728b)
Start importing Assets/Scenes/Models/Rock_7.prefab using Guid(19a26b51cfc8f6a478048242b42ea73c) Importer(815301076,1909f56bfc062723c751e8b465ee728b)  -> (artifact id: 'f6091b6f806c40158e11ccb7364baab8') in 0.016797 seconds 
========================================================================
Received Import Request.
  Time since last request: 0.000027 seconds.
  path: Assets/Scenes/Models/Rock_Moss_7.prefab
  artifactKey: Guid(97fb37a9bafd1f243b7a816a70fe28ac) Importer(815301076,1909f56bfc062723c751e8b465ee728b)
Start importing Assets/Scenes/Models/Rock_Moss_7.prefab using Guid(97fb37a9bafd1f243b7a816a70fe28ac) Importer(815301076,1909f56bfc062723c751e8b465ee728b)  -> (artifact id: '10bab6be22ecbc5003b217302acd6bf4') in 0.014247 seconds 
========================================================================
Received Import Request.
  Time since last request: 1.908089 seconds.
  path: Assets/Scenes/Models/Landscape 1.blend1
  artifactKey: Guid(d8113f15b2a99d444a9ed3f1a8c1028b) Importer(815301076,1909f56bfc062723c751e8b465ee728b)
Start importing Assets/Scenes/Models/Landscape 1.blend1 using Guid(d8113f15b2a99d444a9ed3f1a8c1028b) Importer(815301076,1909f56bfc062723c751e8b465ee728b)  -> (artifact id: '31eac92523842e51375c4fb6b9ca1993') in 0.007000 seconds 
========================================================================
Received Import Request.
  Time since last request: 4.744282 seconds.
  path: Assets/Textures/Bubble.png
  artifactKey: Guid(fcae0babd1b449148a7263d5cd80380e) Importer(815301076,1909f56bfc062723c751e8b465ee728b)
Start importing Assets/Textures/Bubble.png using Guid(fcae0babd1b449148a7263d5cd80380e) Importer(815301076,1909f56bfc062723c751e8b465ee728b)  -> (artifact id: 'eefe18ed4ccd1c5acd0f289c663d657a') in 0.045039 seconds 
========================================================================
Received Import Request.
  Time since last request: 0.000028 seconds.
  path: Assets/Textures/MUG.png
  artifactKey: Guid(a5f664183f368a64c8dcaa4e40a76179) Importer(815301076,1909f56bfc062723c751e8b465ee728b)
Start importing Assets/Textures/MUG.png using Guid(a5f664183f368a64c8dcaa4e40a76179) Importer(815301076,1909f56bfc062723c751e8b465ee728b)  -> (artifact id: '953f79c2d957c5cd865b70bd6f0f653c') in 0.035743 seconds 
========================================================================
Received Import Request.
  Time since last request: 0.000021 seconds.
  path: Assets/Textures/Screenshot (3).png
  artifactKey: Guid(eaf316f9009f6d846a8d2e9748c189b6) Importer(815301076,1909f56bfc062723c751e8b465ee728b)
Start importing Assets/Textures/Screenshot (3).png using Guid(eaf316f9009f6d846a8d2e9748c189b6) Importer(815301076,1909f56bfc062723c751e8b465ee728b)  -> (artifact id: '8163f4c0fb89b8f3fc542a703c60e3b7') in 0.021273 seconds 
========================================================================
Received Import Request.
  Time since last request: 0.000023 seconds.
  path: Assets/Textures/New Material.mat
  artifactKey: Guid(3012b054c40b8c944ae1d0a19a2d2742) Importer(815301076,1909f56bfc062723c751e8b465ee728b)
Start importing Assets/Textures/New Material.mat using Guid(3012b054c40b8c944ae1d0a19a2d2742) Importer(815301076,1909f56bfc062723c751e8b465ee728b)  -> (artifact id: 'd24cd66b600e50fc44643e47bfde482f') in 0.046069 seconds 
========================================================================
Received Import Request.
  Time since last request: 3.235217 seconds.
  path: Assets/Resources/Prefabs/Grass/Grass_1.prefab
  artifactKey: Guid(e9428be9f4e6fb341b8eba6a4fc40e11) Importer(815301076,1909f56bfc062723c751e8b465ee728b)
Start importing Assets/Resources/Prefabs/Grass/Grass_1.prefab using Guid(e9428be9f4e6fb341b8eba6a4fc40e11) Importer(815301076,1909f56bfc062723c751e8b465ee728b)  -> (artifact id: '5189080bac99876ad0ac2e4126c4c2b3') in 0.013072 seconds 
========================================================================
Received Import Request.
  Time since last request: 0.000023 seconds.
  path: Assets/Resources/Prefabs/Grass/Grass_2.prefab
  artifactKey: Guid(f6689f7bb39610d46b7880a2a644f95d) Importer(815301076,1909f56bfc062723c751e8b465ee728b)
Start importing Assets/Resources/Prefabs/Grass/Grass_2.prefab using Guid(f6689f7bb39610d46b7880a2a644f95d) Importer(815301076,1909f56bfc062723c751e8b465ee728b)  -> (artifact id: 'b05d3542fe47bfd7526b83592c8f1803') in 0.017861 seconds 
========================================================================
Received Import Request.
  Time since last request: 1.682037 seconds.
  path: Assets/Prefabs/Enemy.prefab
  artifactKey: Guid(e8bc4bd58149a6a4192c74fa5b9553be) Importer(815301076,1909f56bfc062723c751e8b465ee728b)
Start importing Assets/Prefabs/Enemy.prefab using Guid(e8bc4bd58149a6a4192c74fa5b9553be) Importer(815301076,1909f56bfc062723c751e8b465ee728b)  -> (artifact id: 'f08d55eba1ddf81c998957ddf79b9453') in 0.011573 seconds 
========================================================================
Received Import Request.
  Time since last request: 0.000020 seconds.
  path: Assets/Prefabs/Shaman.prefab
  artifactKey: Guid(c0fae654d8d92b24dbf08dda5b9c8169) Importer(815301076,1909f56bfc062723c751e8b465ee728b)
Start importing Assets/Prefabs/Shaman.prefab using Guid(c0fae654d8d92b24dbf08dda5b9c8169) Importer(815301076,1909f56bfc062723c751e8b465ee728b)  -> (artifact id: '9d571fd9da4f06735dd7fb1ca4632340') in 0.020067 seconds 
========================================================================
Received Import Request.
  Time since last request: 0.000049 seconds.
  path: Assets/Prefabs/Warrior.prefab
  artifactKey: Guid(0c40213d14ec3be42b3734731ebe9adc) Importer(815301076,1909f56bfc062723c751e8b465ee728b)
Start importing Assets/Prefabs/Warrior.prefab using Guid(0c40213d14ec3be42b3734731ebe9adc) Importer(815301076,1909f56bfc062723c751e8b465ee728b)  -> (artifact id: '95159e39478f123d6b3527dfd1c634b9') in 0.015214 seconds 
========================================================================
Received Import Request.
  Time since last request: 15.325276 seconds.
  path: Assets/Scripts/Entities
  artifactKey: Guid(2979055b1af968b43a156a88ca9c89d7) Importer(815301076,1909f56bfc062723c751e8b465ee728b)
Start importing Assets/Scripts/Entities using Guid(2979055b1af968b43a156a88ca9c89d7) Importer(815301076,1909f56bfc062723c751e8b465ee728b)  -> (artifact id: '7c973471b476467bade4d57d8d17428e') in 0.006122 seconds 
========================================================================
Received Import Request.
  Time since last request: 1.446428 seconds.
  path: Assets/Scripts/Entities/Player.cs
  artifactKey: Guid(ab4c71b95022cad43978ba165612a987) Importer(815301076,1909f56bfc062723c751e8b465ee728b)
Start importing Assets/Scripts/Entities/Player.cs using Guid(ab4c71b95022cad43978ba165612a987) Importer(815301076,1909f56bfc062723c751e8b465ee728b)  -> (artifact id: '57681daa50711a2a4a74699cffc12313') in 0.006755 seconds 
Thread 0000000000002D98 may have been prematurely finalized
Thread 0000000000002D98 may have been prematurely finalized
========================================================================
Received Import Request.
  Time since last request: 161.854096 seconds.
  path: Assets/Scripts/Entities/Player.cs
  artifactKey: Guid(ab4c71b95022cad43978ba165612a987) Importer(815301076,1909f56bfc062723c751e8b465ee728b)
Start importing Assets/Scripts/Entities/Player.cs using Guid(ab4c71b95022cad43978ba165612a987) Importer(815301076,1909f56bfc062723c751e8b465ee728b)  -> (artifact id: '1836048c36e4ca8294ef62a895e83f9e') in 0.006703 seconds 
========================================================================
Received Import Request.
  Time since last request: 51.199121 seconds.
  path: Assets/Scripts/Entities/Player.cs
  artifactKey: Guid(ab4c71b95022cad43978ba165612a987) Importer(815301076,1909f56bfc062723c751e8b465ee728b)
Start importing Assets/Scripts/Entities/Player.cs using Guid(ab4c71b95022cad43978ba165612a987) Importer(815301076,1909f56bfc062723c751e8b465ee728b)  -> (artifact id: '04b3bde700611efe93e5e9a439fc46b4') in 0.003086 seconds 
========================================================================
Received Prepare
Registering precompiled user dll's ...
Registered in 0.006494 seconds.
Begin MonoManager ReloadAssembly
Native extension for WindowsStandalone target not found
Refreshing native plugins compatible for Editor in 0.40 ms, found 2 plugins.
Preloading 0 native plugins for Editor in 0.00 ms.
Mono: successfully reloaded assembly
- Completed reload, in  1.128 seconds
Domain Reload Profiling:
	ReloadAssembly (1128ms)
		BeginReloadAssembly (161ms)
			ExecutionOrderSort (0ms)
			DisableScriptedObjects (7ms)
			BackupInstance (0ms)
			ReleaseScriptingObjects (0ms)
			CreateAndSetChildDomain (40ms)
		EndReloadAssembly (846ms)
			LoadAssemblies (103ms)
			RebuildTransferFunctionScriptingTraits (0ms)
			SetupTypeCache (248ms)
			ReleaseScriptCaches (1ms)
			RebuildScriptCaches (62ms)
			SetupLoadedEditorAssemblies (367ms)
				LogAssemblyErrors (0ms)
				InitializePlatformSupportModulesInManaged (16ms)
				SetLoadedEditorAssemblies (1ms)
				RefreshPlugins (0ms)
				BeforeProcessingInitializeOnLoad (62ms)
				ProcessInitializeOnLoadAttributes (249ms)
				ProcessInitializeOnLoadMethodAttributes (31ms)
				AfterProcessingInitializeOnLoad (8ms)
				EditorAssembliesLoaded (0ms)
			ExecutionOrderSort2 (0ms)
			AwakeInstancesAfterBackupRestoration (9ms)
Platform modules already initialized, skipping
Refreshing native plugins compatible for Editor in 1.64 ms, found 2 plugins.
Preloading 0 native plugins for Editor in 0.00 ms.
Unloading 1660 Unused Serialized files (Serialized files now loaded: 0)
Unloading 12 unused Assets / (31.7 KB). Loaded Objects now: 2233.
Memory consumption went from 171.0 MB to 171.0 MB.
Total: 2.855500 ms (FindLiveObjects: 0.168100 ms CreateObjectMapping: 0.039200 ms MarkObjects: 2.623700 ms  DeleteObjects: 0.023200 ms)

AssetImportParameters requested are different than current active one (requested -> active):
  custom:video-decoder-ogg-theora: a1e56fd34408186e4bbccfd4996cb3dc -> 
  custom:container-muxer-webm: aa71ff27fc2769a1b78a27578f13a17b -> 
  custom:container-demuxer-webm: 4f35f7cbe854078d1ac9338744f61a02 -> 
  custom:video-encoder-webm-vp8: eb34c28f22e8b96e1ab97ce403110664 -> 
  custom:audio-encoder-webm-vorbis: bf7c407c2cedff20999df2af8eb42d56 -> 
  custom:framework-win-MediaFoundation: 216162199b28c13a410421893ffa2e32 -> 
  custom:container-demuxer-ogg: 62fdf1f143b41e24485cea50d1cbac27 -> 
  custom:video-decoder-webm-vp8: 9c59270c3fd7afecdb556c50c9e8de78 -> 
  custom:audio-decoder-ogg-vorbis: bf7c407c2cedff20999df2af8eb42d56 -> 
========================================================================
Received Import Request.
  Time since last request: 36.745521 seconds.
  path: Assets/Textures/Player.png
  artifactKey: Guid(2b7ff416e45596940892695e576ca467) Importer(815301076,1909f56bfc062723c751e8b465ee728b)
Start importing Assets/Textures/Player.png using Guid(2b7ff416e45596940892695e576ca467) Importer(815301076,1909f56bfc062723c751e8b465ee728b)  -> (artifact id: '00dd92b51862a18d498455b7ab1a2d7f') in 0.126378 seconds 
========================================================================
Received Import Request.
  Time since last request: 0.000030 seconds.
  path: Assets/Textures/warrior.png
  artifactKey: Guid(de26b377a5a678b44bccf679907053bd) Importer(815301076,1909f56bfc062723c751e8b465ee728b)
Start importing Assets/Textures/warrior.png using Guid(de26b377a5a678b44bccf679907053bd) Importer(815301076,1909f56bfc062723c751e8b465ee728b)  -> (artifact id: 'be355978ee407c946cb016dd9eb3206f') in 0.030484 seconds 
========================================================================
Received Prepare
Registering precompiled user dll's ...
Registered in 0.003910 seconds.
Begin MonoManager ReloadAssembly
Native extension for WindowsStandalone target not found
Refreshing native plugins compatible for Editor in 0.40 ms, found 2 plugins.
Preloading 0 native plugins for Editor in 0.00 ms.
Mono: successfully reloaded assembly
- Completed reload, in  1.158 seconds
Domain Reload Profiling:
	ReloadAssembly (1159ms)
		BeginReloadAssembly (146ms)
			ExecutionOrderSort (0ms)
			DisableScriptedObjects (7ms)
			BackupInstance (0ms)
			ReleaseScriptingObjects (0ms)
			CreateAndSetChildDomain (34ms)
		EndReloadAssembly (839ms)
			LoadAssemblies (103ms)
			RebuildTransferFunctionScriptingTraits (0ms)
			SetupTypeCache (259ms)
			ReleaseScriptCaches (1ms)
			RebuildScriptCaches (56ms)
			SetupLoadedEditorAssemblies (374ms)
				LogAssemblyErrors (0ms)
				InitializePlatformSupportModulesInManaged (17ms)
				SetLoadedEditorAssemblies (1ms)
				RefreshPlugins (0ms)
				BeforeProcessingInitializeOnLoad (63ms)
				ProcessInitializeOnLoadAttributes (252ms)
				ProcessInitializeOnLoadMethodAttributes (32ms)
				AfterProcessingInitializeOnLoad (8ms)
				EditorAssembliesLoaded (0ms)
			ExecutionOrderSort2 (0ms)
			AwakeInstancesAfterBackupRestoration (8ms)
Platform modules already initialized, skipping
Refreshing native plugins compatible for Editor in 1.72 ms, found 2 plugins.
Preloading 0 native plugins for Editor in 0.00 ms.
Unloading 1660 Unused Serialized files (Serialized files now loaded: 0)
Unloading 12 unused Assets / (31.8 KB). Loaded Objects now: 2242.
Memory consumption went from 171.0 MB to 171.0 MB.
Total: 4.547400 ms (FindLiveObjects: 0.173500 ms CreateObjectMapping: 0.036900 ms MarkObjects: 4.311400 ms  DeleteObjects: 0.024000 ms)

AssetImportParameters requested are different than current active one (requested -> active):
  custom:video-decoder-ogg-theora: a1e56fd34408186e4bbccfd4996cb3dc -> 
  custom:container-muxer-webm: aa71ff27fc2769a1b78a27578f13a17b -> 
  custom:container-demuxer-webm: 4f35f7cbe854078d1ac9338744f61a02 -> 
  custom:video-encoder-webm-vp8: eb34c28f22e8b96e1ab97ce403110664 -> 
  custom:audio-encoder-webm-vorbis: bf7c407c2cedff20999df2af8eb42d56 -> 
  custom:framework-win-MediaFoundation: 216162199b28c13a410421893ffa2e32 -> 
  custom:container-demuxer-ogg: 62fdf1f143b41e24485cea50d1cbac27 -> 
  custom:video-decoder-webm-vp8: 9c59270c3fd7afecdb556c50c9e8de78 -> 
  custom:audio-decoder-ogg-vorbis: bf7c407c2cedff20999df2af8eb42d56 -> 
========================================================================
Received Import Request.
  Time since last request: 103.632940 seconds.
  path: Assets/Scripts/Entities/Warrior.cs
  artifactKey: Guid(06a66e14b37930348a121749315c367a) Importer(815301076,1909f56bfc062723c751e8b465ee728b)
Start importing Assets/Scripts/Entities/Warrior.cs using Guid(06a66e14b37930348a121749315c367a) Importer(815301076,1909f56bfc062723c751e8b465ee728b)  -> (artifact id: '5d477b17d9a4eb94bf40967dfe4349ed') in 0.006748 seconds 
========================================================================
Received Import Request.
  Time since last request: 2.301309 seconds.
  path: Assets/Scripts/Entities/Enemy.cs
  artifactKey: Guid(c68ef8b26c934a14ab86db40446cce15) Importer(815301076,1909f56bfc062723c751e8b465ee728b)
Start importing Assets/Scripts/Entities/Enemy.cs using Guid(c68ef8b26c934a14ab86db40446cce15) Importer(815301076,1909f56bfc062723c751e8b465ee728b)  -> (artifact id: '723b25746b755cfc2c2cc3d9f063376c') in 0.003920 seconds 
========================================================================
Received Import Request.
  Time since last request: 5.521853 seconds.
  path: Assets/Scripts/Entities/Enemy.cs
  artifactKey: Guid(c68ef8b26c934a14ab86db40446cce15) Importer(815301076,1909f56bfc062723c751e8b465ee728b)
Start importing Assets/Scripts/Entities/Enemy.cs using Guid(c68ef8b26c934a14ab86db40446cce15) Importer(815301076,1909f56bfc062723c751e8b465ee728b)  -> (artifact id: '4efc0e821c1004d675e8f38895cee979') in 0.002541 seconds 
========================================================================
Received Prepare
Registering precompiled user dll's ...
Registered in 0.006816 seconds.
Begin MonoManager ReloadAssembly
Native extension for WindowsStandalone target not found
Refreshing native plugins compatible for Editor in 0.46 ms, found 2 plugins.
Preloading 0 native plugins for Editor in 0.00 ms.
Mono: successfully reloaded assembly
- Completed reload, in  1.081 seconds
Domain Reload Profiling:
	ReloadAssembly (1082ms)
		BeginReloadAssembly (159ms)
			ExecutionOrderSort (0ms)
			DisableScriptedObjects (9ms)
			BackupInstance (0ms)
			ReleaseScriptingObjects (0ms)
			CreateAndSetChildDomain (33ms)
		EndReloadAssembly (797ms)
			LoadAssemblies (96ms)
			RebuildTransferFunctionScriptingTraits (0ms)
			SetupTypeCache (236ms)
			ReleaseScriptCaches (1ms)
			RebuildScriptCaches (49ms)
			SetupLoadedEditorAssemblies (362ms)
				LogAssemblyErrors (0ms)
				InitializePlatformSupportModulesInManaged (17ms)
				SetLoadedEditorAssemblies (1ms)
				RefreshPlugins (1ms)
				BeforeProcessingInitializeOnLoad (64ms)
				ProcessInitializeOnLoadAttributes (240ms)
				ProcessInitializeOnLoadMethodAttributes (30ms)
				AfterProcessingInitializeOnLoad (10ms)
				EditorAssembliesLoaded (0ms)
			ExecutionOrderSort2 (0ms)
			AwakeInstancesAfterBackupRestoration (11ms)
Platform modules already initialized, skipping
Refreshing native plugins compatible for Editor in 1.82 ms, found 2 plugins.
Preloading 0 native plugins for Editor in 0.00 ms.
Unloading 1660 Unused Serialized files (Serialized files now loaded: 0)
Unloading 12 unused Assets / (31.7 KB). Loaded Objects now: 2245.
Memory consumption went from 171.0 MB to 171.0 MB.
Total: 2.871600 ms (FindLiveObjects: 0.163900 ms CreateObjectMapping: 0.037000 ms MarkObjects: 2.645200 ms  DeleteObjects: 0.023900 ms)

AssetImportParameters requested are different than current active one (requested -> active):
  custom:video-decoder-ogg-theora: a1e56fd34408186e4bbccfd4996cb3dc -> 
  custom:container-muxer-webm: aa71ff27fc2769a1b78a27578f13a17b -> 
  custom:container-demuxer-webm: 4f35f7cbe854078d1ac9338744f61a02 -> 
  custom:video-encoder-webm-vp8: eb34c28f22e8b96e1ab97ce403110664 -> 
  custom:audio-encoder-webm-vorbis: bf7c407c2cedff20999df2af8eb42d56 -> 
  custom:framework-win-MediaFoundation: 216162199b28c13a410421893ffa2e32 -> 
  custom:container-demuxer-ogg: 62fdf1f143b41e24485cea50d1cbac27 -> 
  custom:video-decoder-webm-vp8: 9c59270c3fd7afecdb556c50c9e8de78 -> 
  custom:audio-decoder-ogg-vorbis: bf7c407c2cedff20999df2af8eb42d56 -> 
